<?xml version="1.0" encoding="UTF-8" ?>
<testsuite errors="0" failures="0" hostname="Allen-PC" name="samp.GameTest" tests="7" time="0.141" timestamp="2013-05-10T00:00:50">
  <properties>
[...]
</properties>
  <testcase classname="samp.GameTest" name="testWrongAnswer" time="0.006" />
  <testcase classname="samp.GameTest" name="testWasCorrectlyAnswered" time="0.001" />
  <testcase classname="samp.GameTest" name="testCreateRockQuestion" time="0.0" />
  <testcase classname="samp.GameTest" name="testIsPlayable" time="0.002" />
  <testcase classname="samp.GameTest" name="testHowManyPlayers" time="0.001" />
  <testcase classname="samp.GameTest" name="testAdd" time="0.0" />
  <testcase classname="samp.GameTest" name="testRoll" time="0.001" />
  <system-out><![CDATA[wrongAnswer
BOB was added
They are player number 1
Question was incorrectly answered
BOB was sent to the penalty box
wasCorrectlyAnswered
BOB was added
They are player number 1
Answer was corrent!!!!
BOB now has 1 Gold Coins.
createRockQuestion
isPlayable
howManyPlayers
add
BOBBY was added
They are player number 1
roll
BOB was added
They are player number 1
BOB is the current player
They have rolled a 1
BOB's new location is 1
The category is Science
Science Question 0
]]></system-out>
  <system-err><![CDATA[]]></system-err>
</testsuite>
